{
  "RSpec": {
    "coverage": {
      "/Users/anguspettifer/Projects/Makers/week_10_projects/bank_tech_test/spec/transaction_records_spec.rb": [
        null,
        null,
        1,
        null,
        1,
        7,
        7,
        7,
        7,
        7,
        7,
        null,
        1,
        1,
        3,
        3,
        3,
        3,
        null,
        null,
        1,
        1,
        1,
        null,
        null,
        1,
        1,
        2,
        null,
        null,
        1,
        1,
        1,
        null,
        null,
        null,
        1,
        1,
        3,
        3,
        3,
        3,
        null,
        null,
        1,
        1,
        1,
        null,
        null,
        1,
        1,
        2,
        null,
        null,
        1,
        1,
        1,
        null,
        null,
        null
      ],
      "/Users/anguspettifer/Projects/Makers/week_10_projects/bank_tech_test/lib/transaction_records.rb": [
        null,
        null,
        1,
        1,
        null,
        null,
        1,
        1,
        null,
        1,
        6,
        6,
        6,
        6,
        null,
        null,
        1,
        3,
        2,
        2,
        null,
        null,
        1,
        3,
        2,
        2,
        null,
        null,
        1,
        null,
        1,
        1,
        null,
        1,
        4,
        null,
        null,
        1,
        null,
        null,
        null,
        null,
        null,
        4,
        null,
        null,
        1,
        6,
        6,
        null,
        null
      ],
      "/Users/anguspettifer/Projects/Makers/week_10_projects/bank_tech_test/lib/transaction.rb": [
        null,
        null,
        1,
        null,
        null,
        null,
        1,
        null,
        1,
        null,
        1,
        0,
        0,
        0,
        0,
        null,
        null
      ]
    },
    "timestamp": 1531847445
  }
}
