{
  "RSpec": {
    "coverage": {
      "/Users/anguspettifer/Projects/Makers/week_10_projects/bank_tech_test/spec/formatted_transaction_spec.rb": [
        null,
        null,
        1,
        null,
        1,
        2,
        2,
        null,
        2,
        null,
        1,
        1,
        null,
        1,
        1,
        1,
        1,
        null,
        1,
        1,
        1,
        null,
        1,
        null,
        null,
        null
      ],
      "/Users/anguspettifer/Projects/Makers/week_10_projects/bank_tech_test/lib/formatted_transaction.rb": [
        null,
        null,
        null,
        1,
        null,
        1,
        1,
        null,
        null,
        1,
        1,
        1,
        1,
        1,
        1,
        1,
        1,
        1,
        null,
        null,
        1,
        1,
        1,
        1,
        1,
        1,
        null,
        null,
        null
      ]
    },
    "timestamp": 1531851240
  }
}
